[debug] [2019-02-14T14:05:55.170Z] ----------------------------------------------------------------------
[debug] [2019-02-14T14:05:55.173Z] Command:       /home/etech-397/.nvm/versions/node/v11.0.0/bin/node /home/etech-397/.nvm/versions/node/v11.0.0/bin/firebase deploy --only functions
[debug] [2019-02-14T14:05:55.174Z] CLI Version:   6.3.0
[debug] [2019-02-14T14:05:55.174Z] Platform:      linux
[debug] [2019-02-14T14:05:55.174Z] Node Version:  v11.0.0
[debug] [2019-02-14T14:05:55.174Z] Time:          Thu Feb 14 2019 19:35:55 GMT+0530 (India Standard Time)
[debug] [2019-02-14T14:05:55.174Z] ----------------------------------------------------------------------
[debug] 
[debug] [2019-02-14T14:05:55.290Z] > command requires scopes: ["email","openid","https://www.googleapis.com/auth/cloudplatformprojects.readonly","https://www.googleapis.com/auth/firebase","https://www.googleapis.com/auth/cloud-platform"]
[debug] [2019-02-14T14:05:55.291Z] > authorizing via signed-in user
[debug] [2019-02-14T14:05:55.291Z] [iam] checking project noleuderm-d2b6a for permissions ["cloudfunctions.functions.create","cloudfunctions.functions.delete","cloudfunctions.functions.get","cloudfunctions.functions.list","cloudfunctions.functions.update","cloudfunctions.operations.get","firebase.projects.get"]
[debug] [2019-02-14T14:05:55.295Z] > refreshing access token with scopes: ["email","https://www.googleapis.com/auth/cloud-platform","https://www.googleapis.com/auth/cloudplatformprojects.readonly","https://www.googleapis.com/auth/firebase","openid"]
[debug] [2019-02-14T14:05:55.295Z] >>> HTTP REQUEST POST https://www.googleapis.com/oauth2/v3/token  
 <request body omitted>
[debug] [2019-02-14T14:05:55.589Z] <<< HTTP RESPONSE 200
[debug] [2019-02-14T14:05:55.653Z] >>> HTTP REQUEST POST https://cloudresourcemanager.googleapis.com/v1/projects/noleuderm-d2b6a:testIamPermissions  

[debug] [2019-02-14T14:05:57.476Z] <<< HTTP RESPONSE 200
[info] 
[info] === Deploying to 'noleuderm-d2b6a'...
[info] 
[info] i  deploying functions
[info] Running command: npm --prefix "$RESOURCE_DIR" run lint
[info] ✔  functions: Finished running predeploy script.
[debug] [2019-02-14T14:06:07.046Z] > [functions] package.json contents: {
  "name": "functions",
  "description": "Cloud Functions for Firebase",
  "scripts": {
    "lint": "eslint .",
    "serve": "firebase serve --only functions",
    "shell": "firebase functions:shell",
    "start": "npm run shell",
    "deploy": "firebase deploy --only functions",
    "logs": "firebase functions:log"
  },
  "dependencies": {
    "cors": "^2.8.5",
    "express": "^4.16.4",
    "firebase-admin": "~6.0.0",
    "firebase-functions": "^2.1.0",
    "stripe": "^6.22.0"
  },
  "devDependencies": {
    "eslint": "^5.12.0",
    "eslint-plugin-promise": "^4.0.1"
  },
  "private": true,
  "engines": {
    "node": "8"
  }
}
[info] i  functions: ensuring necessary APIs are enabled...
[debug] [2019-02-14T14:06:07.047Z] >>> HTTP REQUEST GET https://servicemanagement.googleapis.com/v1/services/cloudfunctions.googleapis.com/projectSettings/noleuderm-d2b6a?view=CONSUMER_VIEW  
 
[debug] [2019-02-14T14:06:07.048Z] >>> HTTP REQUEST GET https://servicemanagement.googleapis.com/v1/services/runtimeconfig.googleapis.com/projectSettings/noleuderm-d2b6a?view=CONSUMER_VIEW  
 
[debug] [2019-02-14T14:06:09.440Z] <<< HTTP RESPONSE 200
[debug] [2019-02-14T14:06:11.061Z] <<< HTTP RESPONSE 200
[info] ✔  functions: all necessary APIs are enabled
[debug] [2019-02-14T14:06:11.063Z] >>> HTTP REQUEST GET https://cloudresourcemanager.googleapis.com/v1/projects/noleuderm-d2b6a  
 
[debug] [2019-02-14T14:06:12.707Z] <<< HTTP RESPONSE 200
[debug] [2019-02-14T14:06:12.708Z] >>> HTTP REQUEST GET https://mobilesdk-pa.googleapis.com/v1/projects/182962118629:getServerAppConfig  
 
[debug] [2019-02-14T14:06:13.278Z] <<< HTTP RESPONSE 200
[info] i  functions: preparing functions directory for uploading...
[debug] [2019-02-14T14:06:13.291Z] >>> HTTP REQUEST GET https://runtimeconfig.googleapis.com/v1beta1/projects/noleuderm-d2b6a/configs  
 
[debug] [2019-02-14T14:06:14.978Z] <<< HTTP RESPONSE 200
[debug] [2019-02-14T14:06:14.980Z] >>> HTTP REQUEST GET https://runtimeconfig.googleapis.com/v1beta1/projects/noleuderm-d2b6a/configs/stripe/variables  
 
[debug] [2019-02-14T14:06:15.353Z] <<< HTTP RESPONSE 200
[debug] [2019-02-14T14:06:15.354Z] >>> HTTP REQUEST GET https://runtimeconfig.googleapis.com/v1beta1/projects/noleuderm-d2b6a/configs/stripe/variables/token  
 
[debug] [2019-02-14T14:06:15.711Z] <<< HTTP RESPONSE 200
[info] i  functions: packaged functions (54.83 KB) for uploading
[debug] [2019-02-14T14:06:16.206Z] >>> HTTP REQUEST POST https://cloudfunctions.googleapis.com/v1/projects/noleuderm-d2b6a/locations/us-central1/functions:generateUploadUrl  
 
[debug] [2019-02-14T14:06:17.091Z] <<< HTTP RESPONSE 200
[debug] [2019-02-14T14:06:17.093Z] >>> HTTP REQUEST PUT https://storage.googleapis.com/gcf-upload-us-central1-d49b0c99-8632-4633-9715-9a340df19176/81e16408-4126-4f50-b25f-91141132b0d0.zip?GoogleAccessId=service-182962118629@gcf-admin-robot.iam.gserviceaccount.com&Expires=1550154976&Signature=CSOL5NreKH6yu11NfhwfyBR91JaT9j7lBKwYycN%2FLmCFSGiwYwqPK8dQQVY5II3ODcE6uThOqM5EVF8djEHlPMYjlHcjCBeiRxv455PLdU5aYSt5LPV1OpQwpbYtmkesdaTuEUhprPXsd5bn1bKiNqHdnzJtlxLfw83yC8%2FSGcqHA4ShwdB5WxYMO%2FmgjUGHbahNYlVZAMjhn38BMN79XXTb%2FwZRgDGmR0peo8pWAGVL%2FLIBALL%2FBvpjZiDeuhpRy2SIJpafGRKrH4P93oX9pD8gXs2VehKn3ADbXdGVdKKRaCll2DObpBzDKPH4brRdaOBBgMEIuwz0ytyMGkAYbg%3D%3D  

[debug] [2019-02-14T14:06:17.844Z] <<< HTTP RESPONSE 200
[info] ✔  functions: functions folder uploaded successfully
[debug] [2019-02-14T14:06:17.849Z] >>> HTTP REQUEST GET https://cloudfunctions.googleapis.com/v1/projects/noleuderm-d2b6a/locations/-/functions  
 
[debug] [2019-02-14T14:06:18.685Z] <<< HTTP RESPONSE 200
[info] i  functions: updating Node.js 8 function payment(us-central1)...
[debug] [2019-02-14T14:06:18.692Z] Trigger is:  {"httpsTrigger":{}}
[debug] [2019-02-14T14:06:18.694Z] >>> HTTP REQUEST PATCH https://cloudfunctions.googleapis.com/v1/projects/noleuderm-d2b6a/locations/us-central1/functions/payment {"updateMask":"sourceUploadUrl,name,labels,runtime,httpsTrigger"} 

[debug] [2019-02-14T14:06:19.767Z] <<< HTTP RESPONSE 200
[debug] [2019-02-14T14:06:19.773Z] >>> HTTP REQUEST GET https://cloudfunctions.googleapis.com/v1/projects/noleuderm-d2b6a/locations/-/functions  
 
[debug] [2019-02-14T14:06:20.264Z] <<< HTTP RESPONSE 200
[debug] [2019-02-14T14:06:20.266Z] >>> HTTP REQUEST GET https://cloudfunctions.googleapis.com/v1/operations/bm9sZXVkZXJtLWQyYjZhL3VzLWNlbnRyYWwxL3BheW1lbnQvanlpM3hXU1hybzQ  
 
[debug] [2019-02-14T14:06:20.961Z] <<< HTTP RESPONSE 200
[debug] [2019-02-14T14:06:22.967Z] >>> HTTP REQUEST GET https://cloudfunctions.googleapis.com/v1/operations/bm9sZXVkZXJtLWQyYjZhL3VzLWNlbnRyYWwxL3BheW1lbnQvanlpM3hXU1hybzQ  
 
[debug] [2019-02-14T14:06:23.393Z] <<< HTTP RESPONSE 200
[debug] [2019-02-14T14:06:25.395Z] >>> HTTP REQUEST GET https://cloudfunctions.googleapis.com/v1/operations/bm9sZXVkZXJtLWQyYjZhL3VzLWNlbnRyYWwxL3BheW1lbnQvanlpM3hXU1hybzQ  
 
[debug] [2019-02-14T14:06:26.206Z] <<< HTTP RESPONSE 200
[debug] [2019-02-14T14:06:28.210Z] >>> HTTP REQUEST GET https://cloudfunctions.googleapis.com/v1/operations/bm9sZXVkZXJtLWQyYjZhL3VzLWNlbnRyYWwxL3BheW1lbnQvanlpM3hXU1hybzQ  
 
[debug] [2019-02-14T14:06:28.909Z] <<< HTTP RESPONSE 200
[debug] [2019-02-14T14:06:30.912Z] >>> HTTP REQUEST GET https://cloudfunctions.googleapis.com/v1/operations/bm9sZXVkZXJtLWQyYjZhL3VzLWNlbnRyYWwxL3BheW1lbnQvanlpM3hXU1hybzQ  
 
[debug] [2019-02-14T14:06:31.596Z] <<< HTTP RESPONSE 200
[debug] [2019-02-14T14:06:33.598Z] >>> HTTP REQUEST GET https://cloudfunctions.googleapis.com/v1/operations/bm9sZXVkZXJtLWQyYjZhL3VzLWNlbnRyYWwxL3BheW1lbnQvanlpM3hXU1hybzQ  
 
[debug] [2019-02-14T14:06:34.270Z] <<< HTTP RESPONSE 200
[debug] [2019-02-14T14:06:36.273Z] >>> HTTP REQUEST GET https://cloudfunctions.googleapis.com/v1/operations/bm9sZXVkZXJtLWQyYjZhL3VzLWNlbnRyYWwxL3BheW1lbnQvanlpM3hXU1hybzQ  
 
[debug] [2019-02-14T14:06:36.643Z] <<< HTTP RESPONSE 200
[debug] [2019-02-14T14:06:38.645Z] >>> HTTP REQUEST GET https://cloudfunctions.googleapis.com/v1/operations/bm9sZXVkZXJtLWQyYjZhL3VzLWNlbnRyYWwxL3BheW1lbnQvanlpM3hXU1hybzQ  
 
[debug] [2019-02-14T14:06:39.355Z] <<< HTTP RESPONSE 200
[debug] [2019-02-14T14:06:41.359Z] >>> HTTP REQUEST GET https://cloudfunctions.googleapis.com/v1/operations/bm9sZXVkZXJtLWQyYjZhL3VzLWNlbnRyYWwxL3BheW1lbnQvanlpM3hXU1hybzQ  
 
